<?xml version="1.1" encoding="UTF-8"?>
<testsuite name="com.sun.scenario.effect.compiler.lexer.IdentifierTest" tests="6" failures="0" errors="0" timestamp="2014-03-28T14:55:47" hostname="ubuntu" time="0.002">
  <properties/>
  <testcase name="lettersAndDigits" classname="com.sun.scenario.effect.compiler.lexer.IdentifierTest" time="0.0"/>
  <testcase name="lettersAndDigitsAndSymbols" classname="com.sun.scenario.effect.compiler.lexer.IdentifierTest" time="0.0"/>
  <testcase name="basic" classname="com.sun.scenario.effect.compiler.lexer.IdentifierTest" time="0.001"/>
  <testcase name="mixedCase" classname="com.sun.scenario.effect.compiler.lexer.IdentifierTest" time="0.0"/>
  <testcase name="notAnId1" classname="com.sun.scenario.effect.compiler.lexer.IdentifierTest" time="0.0"/>
  <testcase name="notAnId2" classname="com.sun.scenario.effect.compiler.lexer.IdentifierTest" time="0.0"/>
  <system-out><![CDATA[]]></system-out>
  <system-err><![CDATA[]]></system-err>
</testsuite>
