<?xml version="1.1" encoding="UTF-8"?>
<testsuite name="com.sun.scenario.effect.compiler.parser.EqualityExprTest" tests="3" failures="0" errors="0" timestamp="2014-03-28T14:55:43" hostname="ubuntu" time="0.007">
  <properties/>
  <testcase name="notAnEqualityExpression" classname="com.sun.scenario.effect.compiler.parser.EqualityExprTest" time="0.002"/>
  <testcase name="oneEq" classname="com.sun.scenario.effect.compiler.parser.EqualityExprTest" time="0.001"/>
  <testcase name="oneNotEq" classname="com.sun.scenario.effect.compiler.parser.EqualityExprTest" time="0.003"/>
  <system-out><![CDATA[]]></system-out>
  <system-err><![CDATA[]]></system-err>
</testsuite>
