<?xml version="1.1" encoding="UTF-8"?>
<testsuite name="com.sun.scenario.effect.compiler.parser.ExternalDeclarationTest" tests="6" failures="0" errors="0" timestamp="2014-03-28T14:55:42" hostname="ubuntu" time="0.053">
  <properties/>
  <testcase name="declaration" classname="com.sun.scenario.effect.compiler.parser.ExternalDeclarationTest" time="0.002"/>
  <testcase name="funcDefNoParam" classname="com.sun.scenario.effect.compiler.parser.ExternalDeclarationTest" time="0.004"/>
  <testcase name="multiDeclaration" classname="com.sun.scenario.effect.compiler.parser.ExternalDeclarationTest" time="0.011"/>
  <testcase name="notAnExtDecl" classname="com.sun.scenario.effect.compiler.parser.ExternalDeclarationTest" time="0.002"/>
  <testcase name="funcDefTwoParam" classname="com.sun.scenario.effect.compiler.parser.ExternalDeclarationTest" time="0.003"/>
  <testcase name="funcDefOneParam" classname="com.sun.scenario.effect.compiler.parser.ExternalDeclarationTest" time="0.007"/>
  <system-out><![CDATA[]]></system-out>
  <system-err><![CDATA[]]></system-err>
</testsuite>
