<?xml version="1.1" encoding="UTF-8"?>
<testsuite name="com.sun.scenario.effect.compiler.SymbolTest" tests="1" failures="0" errors="0" timestamp="2014-03-28T14:55:42" hostname="ubuntu" time="0.696">
  <properties/>
  <testcase name="specialVarUsedOutsideOfMain" classname="com.sun.scenario.effect.compiler.SymbolTest" time="0.696"/>
  <system-out><![CDATA[]]></system-out>
  <system-err><![CDATA[]]></system-err>
</testsuite>
