<?xml version="1.1" encoding="UTF-8"?>
<testsuite name="com.sun.scenario.effect.compiler.parser.AssignmentExprTest" tests="7" failures="0" errors="0" timestamp="2014-03-28T14:55:43" hostname="ubuntu" time="0.011">
  <properties/>
  <testcase name="coreVarField" classname="com.sun.scenario.effect.compiler.parser.AssignmentExprTest" time="0.001"/>
  <testcase name="coreROVar" classname="com.sun.scenario.effect.compiler.parser.AssignmentExprTest" time="0.003"/>
  <testcase name="coreROVarField" classname="com.sun.scenario.effect.compiler.parser.AssignmentExprTest" time="0.001"/>
  <testcase name="userVar" classname="com.sun.scenario.effect.compiler.parser.AssignmentExprTest" time="0.001"/>
  <testcase name="userROVar" classname="com.sun.scenario.effect.compiler.parser.AssignmentExprTest" time="0.001"/>
  <testcase name="coreVar" classname="com.sun.scenario.effect.compiler.parser.AssignmentExprTest" time="0.002"/>
  <testcase name="notAnAssignment" classname="com.sun.scenario.effect.compiler.parser.AssignmentExprTest" time="0.0"/>
  <system-out><![CDATA[]]></system-out>
  <system-err><![CDATA[]]></system-err>
</testsuite>
