<?xml version="1.1" encoding="UTF-8"?>
<testsuite name="com.sun.scenario.effect.compiler.parser.MultExprTest" tests="19" failures="0" errors="0" timestamp="2014-03-28T14:55:43" hostname="ubuntu" time="0.133">
  <properties/>
  <testcase name="notAMultiplicativeExpression" classname="com.sun.scenario.effect.compiler.parser.MultExprTest" time="0.003"/>
  <testcase name="oneDivision" classname="com.sun.scenario.effect.compiler.parser.MultExprTest" time="0.005"/>
  <testcase name="expressionCombination" classname="com.sun.scenario.effect.compiler.parser.MultExprTest" time="0.023"/>
  <testcase name="oneMultiplication" classname="com.sun.scenario.effect.compiler.parser.MultExprTest" time="0.005"/>
  <testcase name="notAUnaryExpression" classname="com.sun.scenario.effect.compiler.parser.MultExprTest" time="0.003"/>
  <testcase name="preDecrement" classname="com.sun.scenario.effect.compiler.parser.MultExprTest" time="0.002"/>
  <testcase name="postDecrement" classname="com.sun.scenario.effect.compiler.parser.MultExprTest" time="0.001"/>
  <testcase name="positive" classname="com.sun.scenario.effect.compiler.parser.MultExprTest" time="0.002"/>
  <testcase name="preIncrement" classname="com.sun.scenario.effect.compiler.parser.MultExprTest" time="0.003"/>
  <testcase name="negative" classname="com.sun.scenario.effect.compiler.parser.MultExprTest" time="0.003"/>
  <testcase name="postIncrement" classname="com.sun.scenario.effect.compiler.parser.MultExprTest" time="0.002"/>
  <testcase name="negated" classname="com.sun.scenario.effect.compiler.parser.MultExprTest" time="0.001"/>
  <testcase name="variable" classname="com.sun.scenario.effect.compiler.parser.MultExprTest" time="0.003"/>
  <testcase name="notAPrimaryExpression" classname="com.sun.scenario.effect.compiler.parser.MultExprTest" time="0.002"/>
  <testcase name="bracketted" classname="com.sun.scenario.effect.compiler.parser.MultExprTest" time="0.002"/>
  <testcase name="boolLiteralF" classname="com.sun.scenario.effect.compiler.parser.MultExprTest" time="0.017"/>
  <testcase name="boolLiteralT" classname="com.sun.scenario.effect.compiler.parser.MultExprTest" time="0.002"/>
  <testcase name="intLiteral" classname="com.sun.scenario.effect.compiler.parser.MultExprTest" time="0.001"/>
  <testcase name="floatLiteral" classname="com.sun.scenario.effect.compiler.parser.MultExprTest" time="0.001"/>
  <system-out><![CDATA[]]></system-out>
  <system-err><![CDATA[]]></system-err>
</testsuite>
