<?xml version="1.1" encoding="UTF-8"?>
<testsuite name="com.sun.scenario.effect.compiler.lexer.FloatTest" tests="3" failures="0" errors="0" timestamp="2014-03-28T14:55:46" hostname="ubuntu" time="1.444">
  <properties/>
  <testcase name="noLeadingZero" classname="com.sun.scenario.effect.compiler.lexer.FloatTest" time="0.001"/>
  <testcase name="badDigits" classname="com.sun.scenario.effect.compiler.lexer.FloatTest" time="0.0"/>
  <testcase name="uptoOneMillion" classname="com.sun.scenario.effect.compiler.lexer.FloatTest" time="1.443"/>
  <system-out><![CDATA[]]></system-out>
  <system-err><![CDATA[]]></system-err>
</testsuite>
