<?xml version="1.1" encoding="UTF-8"?>
<testsuite name="com.sun.scenario.effect.compiler.lexer.CommentTest" tests="3" failures="0" errors="0" timestamp="2014-03-28T14:55:46" hostname="ubuntu" time="0.001">
  <properties/>
  <testcase name="multilineComment" classname="com.sun.scenario.effect.compiler.lexer.CommentTest" time="0.0"/>
  <testcase name="notAComment" classname="com.sun.scenario.effect.compiler.lexer.CommentTest" time="0.0"/>
  <testcase name="comment" classname="com.sun.scenario.effect.compiler.lexer.CommentTest" time="0.001"/>
  <system-out><![CDATA[]]></system-out>
  <system-err><![CDATA[]]></system-err>
</testsuite>
