<?xml version="1.1" encoding="UTF-8"?>
<testsuite name="com.sun.scenario.effect.compiler.parser.JumpStatementTest" tests="6" failures="0" errors="0" timestamp="2014-03-28T14:55:43" hostname="ubuntu" time="0.016">
  <properties/>
  <testcase name="returnEmpty" classname="com.sun.scenario.effect.compiler.parser.JumpStatementTest" time="0.007"/>
  <testcase name="brk" classname="com.sun.scenario.effect.compiler.parser.JumpStatementTest" time="0.0"/>
  <testcase name="cont" classname="com.sun.scenario.effect.compiler.parser.JumpStatementTest" time="0.0"/>
  <testcase name="returnExpr" classname="com.sun.scenario.effect.compiler.parser.JumpStatementTest" time="0.001"/>
  <testcase name="notAJump" classname="com.sun.scenario.effect.compiler.parser.JumpStatementTest" time="0.001"/>
  <testcase name="discard" classname="com.sun.scenario.effect.compiler.parser.JumpStatementTest" time="0.001"/>
  <system-out><![CDATA[]]></system-out>
  <system-err><![CDATA[]]></system-err>
</testsuite>
