<?xml version="1.1" encoding="UTF-8"?>
<testsuite name="com.sun.scenario.effect.compiler.parser.SelectionStatementTest" tests="3" failures="0" errors="0" timestamp="2014-03-28T14:55:42" hostname="ubuntu" time="0.047">
  <properties/>
  <testcase name="ifOnly" classname="com.sun.scenario.effect.compiler.parser.SelectionStatementTest" time="0.021"/>
  <testcase name="notASelect" classname="com.sun.scenario.effect.compiler.parser.SelectionStatementTest" time="0.005"/>
  <testcase name="ifAndElse" classname="com.sun.scenario.effect.compiler.parser.SelectionStatementTest" time="0.015"/>
  <system-out><![CDATA[]]></system-out>
  <system-err><![CDATA[]]></system-err>
</testsuite>
